{
  "/Users/e/Documents/Coding/Firebase Extensions/custom-triggers/functions/src/logs.ts": {
    "path": "/Users/e/Documents/Coding/Firebase Extensions/custom-triggers/functions/src/logs.ts",
    "statementMap": {
      "0": { "start": { "line": 1, "column": 0 }, "end": { "line": 1, "column": 48 } },
      "1": { "start": { "line": 3, "column": 0 }, "end": { "line": 11, "column": 2 } },
      "2": { "start": { "line": 4, "column": 47 }, "end": { "line": 4, "column": 115 } },
      "3": { "start": { "line": 5, "column": 44 }, "end": { "line": 5, "column": 96 } },
      "4": { "start": { "line": 6, "column": 56 }, "end": { "line": 6, "column": 139 } },
      "5": { "start": { "line": 8, "column": 4 }, "end": { "line": 9, "column": null } }
    },
    "fnMap": {
      "0": {
        "name": "(anonymous_0)",
        "decl": { "start": { "line": 4, "column": 28 }, "end": { "line": 4, "column": 29 } },
        "loc": { "start": { "line": 4, "column": 47 }, "end": { "line": 4, "column": 115 } }
      },
      "1": {
        "name": "(anonymous_1)",
        "decl": { "start": { "line": 5, "column": 25 }, "end": { "line": 5, "column": 26 } },
        "loc": { "start": { "line": 5, "column": 44 }, "end": { "line": 5, "column": 96 } }
      },
      "2": {
        "name": "(anonymous_2)",
        "decl": { "start": { "line": 6, "column": 21 }, "end": { "line": 6, "column": 22 } },
        "loc": { "start": { "line": 6, "column": 56 }, "end": { "line": 6, "column": 139 } }
      },
      "3": {
        "name": "(anonymous_3)",
        "decl": { "start": { "line": 7, "column": 29 }, "end": { "line": 7, "column": 30 } },
        "loc": { "start": { "line": 8, "column": 4 }, "end": { "line": 9, "column": null } }
      }
    },
    "branchMap": {},
    "s": { "0": 1, "1": 1, "2": 1, "3": 1, "4": 1, "5": 2 },
    "f": { "0": 1, "1": 1, "2": 1, "3": 2 },
    "b": {}
  }
}
