{"total": {"lines":{"total":63,"covered":35,"skipped":0,"pct":55.55},"statements":{"total":64,"covered":36,"skipped":0,"pct":56.25},"functions":{"total":14,"covered":6,"skipped":0,"pct":42.85},"branches":{"total":19,"covered":1,"skipped":0,"pct":5.26},"branchesTrue":{"total":0,"covered":0,"skipped":0,"pct":100}}
,"/Users/e/Documents/Coding/Firebase Extensions/custom-triggers/custom-authentication-triggers/functions/src/index.ts": {"lines":{"total":6,"covered":0,"skipped":0,"pct":0},"functions":{"total":1,"covered":0,"skipped":0,"pct":0},"statements":{"total":6,"covered":0,"skipped":0,"pct":0},"branches":{"total":0,"covered":0,"skipped":0,"pct":100}}
,"/Users/e/Documents/Coding/Firebase Extensions/custom-triggers/custom-authentication-triggers/functions/src/logs.ts": {"lines":{"total":9,"covered":6,"skipped":0,"pct":66.66},"functions":{"total":7,"covered":4,"skipped":0,"pct":57.14},"statements":{"total":9,"covered":6,"skipped":0,"pct":66.66},"branches":{"total":0,"covered":0,"skipped":0,"pct":100}}
,"/Users/e/Documents/Coding/Firebase Extensions/custom-triggers/custom-authentication-triggers/functions/src/utils/config.ts": {"lines":{"total":2,"covered":2,"skipped":0,"pct":100},"functions":{"total":1,"covered":1,"skipped":0,"pct":100},"statements":{"total":3,"covered":3,"skipped":0,"pct":100},"branches":{"total":0,"covered":0,"skipped":0,"pct":100}}
,"/Users/e/Documents/Coding/Firebase Extensions/custom-triggers/custom-authentication-triggers/functions/src/utils/index.ts": {"lines":{"total":7,"covered":7,"skipped":0,"pct":100},"functions":{"total":0,"covered":0,"skipped":0,"pct":100},"statements":{"total":7,"covered":7,"skipped":0,"pct":100},"branches":{"total":0,"covered":0,"skipped":0,"pct":100}}
,"/Users/e/Documents/Coding/Firebase Extensions/custom-triggers/custom-authentication-triggers/functions/src/utils/onUserSignUpExtension.ts": {"lines":{"total":10,"covered":4,"skipped":0,"pct":40},"functions":{"total":1,"covered":0,"skipped":0,"pct":0},"statements":{"total":10,"covered":4,"skipped":0,"pct":40},"branches":{"total":0,"covered":0,"skipped":0,"pct":100}}
,"/Users/e/Documents/Coding/Firebase Extensions/custom-triggers/custom-authentication-triggers/functions/src/utils/populateFields.ts": {"lines":{"total":8,"covered":8,"skipped":0,"pct":100},"functions":{"total":1,"covered":1,"skipped":0,"pct":100},"statements":{"total":8,"covered":8,"skipped":0,"pct":100},"branches":{"total":1,"covered":1,"skipped":0,"pct":100}}
,"/Users/e/Documents/Coding/Firebase Extensions/custom-triggers/custom-authentication-triggers/functions/src/utils/sendVerificationEmail.ts": {"lines":{"total":19,"covered":6,"skipped":0,"pct":31.57},"functions":{"total":1,"covered":0,"skipped":0,"pct":0},"statements":{"total":19,"covered":6,"skipped":0,"pct":31.57},"branches":{"total":18,"covered":0,"skipped":0,"pct":0}}
,"/Users/e/Documents/Coding/Firebase Extensions/custom-triggers/custom-authentication-triggers/functions/src/utils/syncUserProfile.ts": {"lines":{"total":1,"covered":1,"skipped":0,"pct":100},"functions":{"total":1,"covered":0,"skipped":0,"pct":0},"statements":{"total":1,"covered":1,"skipped":0,"pct":100},"branches":{"total":0,"covered":0,"skipped":0,"pct":100}}
,"/Users/e/Documents/Coding/Firebase Extensions/custom-triggers/custom-authentication-triggers/functions/src/utils/updateLastLoginTimestamp.ts": {"lines":{"total":1,"covered":1,"skipped":0,"pct":100},"functions":{"total":1,"covered":0,"skipped":0,"pct":0},"statements":{"total":1,"covered":1,"skipped":0,"pct":100},"branches":{"total":0,"covered":0,"skipped":0,"pct":100}}
}
