TN:
SF:src/index.ts
FN:7,(anonymous_0)
FNF:1
FNH:0
FNDA:0,(anonymous_0)
DA:1,0
DA:2,0
DA:3,0
DA:5,0
DA:7,0
DA:8,0
LF:6
LH:0
BRF:0
BRH:0
end_of_record
TN:
SF:src/logs.ts
FN:5,(anonymous_0)
FN:6,(anonymous_1)
FN:7,(anonymous_2)
FN:8,(anonymous_3)
FN:12,(anonymous_4)
FN:14,(anonymous_5)
FN:15,(anonymous_6)
FNF:7
FNH:4
FNDA:1,(anonymous_0)
FNDA:1,(anonymous_1)
FNDA:1,(anonymous_2)
FNDA:2,(anonymous_3)
FNDA:0,(anonymous_4)
FNDA:0,(anonymous_5)
FNDA:0,(anonymous_6)
DA:1,2
DA:4,2
DA:5,1
DA:6,1
DA:7,1
DA:9,2
DA:13,0
DA:14,0
DA:15,0
LF:9
LH:6
BRF:0
BRH:0
end_of_record
TN:
SF:src/utils/config.ts
FN:3,(anonymous_0)
FNF:1
FNH:1
FNDA:1,(anonymous_0)
DA:3,1
DA:9,1
LF:2
LH:2
BRF:0
BRH:0
end_of_record
TN:
SF:src/utils/index.ts
FNF:0
FNH:0
DA:1,1
DA:2,1
DA:3,1
DA:4,1
DA:5,1
DA:6,1
DA:8,1
LF:7
LH:7
BRF:0
BRH:0
end_of_record
TN:
SF:src/utils/onUserSignUpExtension.ts
FN:5,onUserSignUpExtension
FNF:1
FNH:0
FNDA:0,onUserSignUpExtension
DA:1,1
DA:2,1
DA:3,1
DA:5,1
DA:6,0
DA:7,0
DA:9,0
DA:10,0
DA:11,0
DA:13,0
LF:10
LH:4
BRF:0
BRH:0
end_of_record
TN:
SF:src/utils/populateFields.ts
FN:5,populateFields
FNF:1
FNH:1
FNDA:2,populateFields
DA:2,1
DA:5,1
DA:6,2
DA:8,2
DA:9,6
DA:10,6
DA:11,2
DA:15,2
LF:8
LH:8
BRDA:10,0,0,2
BRF:1
BRH:1
end_of_record
TN:
SF:src/utils/sendVerificationEmail.ts
FN:8,sendVerificationEmail
FNF:1
FNH:0
FNDA:0,sendVerificationEmail
DA:1,1
DA:3,1
DA:4,1
DA:5,1
DA:6,1
DA:8,1
DA:9,0
DA:10,0
DA:11,0
DA:13,0
DA:14,0
DA:16,0
DA:17,0
DA:18,0
DA:19,0
DA:20,0
DA:22,0
DA:24,0
DA:27,0
LF:19
LH:6
BRDA:9,0,0,0
BRDA:9,0,1,0
BRDA:11,1,0,0
BRDA:11,1,1,0
BRDA:11,2,0,0
BRDA:11,2,1,0
BRDA:22,3,0,0
BRDA:22,3,1,0
BRDA:22,4,0,0
BRDA:22,4,1,0
BRDA:24,5,0,0
BRDA:24,5,1,0
BRDA:24,6,0,0
BRDA:24,6,1,0
BRDA:27,7,0,0
BRDA:27,7,1,0
BRDA:27,8,0,0
BRDA:27,8,1,0
BRF:18
BRH:0
end_of_record
TN:
SF:src/utils/syncUserProfile.ts
FN:3,syncUserProfile
FNF:1
FNH:0
FNDA:0,syncUserProfile
DA:3,1
LF:1
LH:1
BRF:0
BRH:0
end_of_record
TN:
SF:src/utils/updateLastLoginTimestamp.ts
FN:1,updateLastLoginTimestamp
FNF:1
FNH:0
FNDA:0,updateLastLoginTimestamp
DA:1,1
LF:1
LH:1
BRF:0
BRH:0
end_of_record
